<?xml version="1.0" encoding="UTF-8"?>
<testsuite xmlns:xsi="http://www.w3.org/2001/XMLSchema-instance" xsi:noNamespaceSchemaLocation="https://maven.apache.org/surefire/maven-surefire-plugin/xsd/surefire-test-report-3.0.xsd" version="3.0" name="com.boilerplate.BoilerplateApplicationTests" time="7.288" tests="1" errors="0" skipped="0" failures="0">
  <properties>
[...]
</properties>
  <testcase name="contextLoads" classname="com.boilerplate.BoilerplateApplicationTests" time="0.558">
    <system-out><![CDATA[12:15:43.650 [main] INFO org.springframework.test.context.support.AnnotationConfigContextLoaderUtils -- Could not detect default configuration classes for test class [com.boilerplate.BoilerplateApplicationTests]: BoilerplateApplicationTests does not declare any static, non-private, non-final, nested classes annotated with @Configuration.
12:15:43.770 [main] INFO org.springframework.boot.test.context.SpringBootTestContextBootstrapper -- Found @SpringBootConfiguration com.boilerplate.BoilerplateApplication for test class com.boilerplate.BoilerplateApplicationTests

  .   ____          _            __ _ _
 /\\ / ___'_ __ _ _(_)_ __  __ _ \ \ \ \
( ( )\___ | '_ | '_| | '_ \/ _` | \ \ \ \
 \\/  ___)| |_)| | | | | || (_| |  ) ) ) )
  '  |____| .__|_| |_|_| |_\__, | / / / /
 =========|_|==============|___/=/_/_/_/
 :: Spring Boot ::                (v3.2.5)

2026-03-15T12:15:44.380-03:00  INFO 30364 --- [spring-boot-boilerplate] [           main] c.b.BoilerplateApplicationTests          : Starting BoilerplateApplicationTests using Java 22.0.2 with PID 30364 (started by User in C:\Users\User\workspace\spring-boot-boilerplate)
2026-03-15T12:15:44.381-03:00 DEBUG 30364 --- [spring-boot-boilerplate] [           main] c.b.BoilerplateApplicationTests          : Running with Spring Boot v3.2.5, Spring v6.1.6
2026-03-15T12:15:44.382-03:00  INFO 30364 --- [spring-boot-boilerplate] [           main] c.b.BoilerplateApplicationTests          : The following 1 profile is active: "test"
2026-03-15T12:15:45.240-03:00  INFO 30364 --- [spring-boot-boilerplate] [           main] .s.d.r.c.RepositoryConfigurationDelegate : Bootstrapping Spring Data JPA repositories in DEFAULT mode.
2026-03-15T12:15:45.384-03:00  INFO 30364 --- [spring-boot-boilerplate] [           main] .s.d.r.c.RepositoryConfigurationDelegate : Finished Spring Data repository scanning in 136 ms. Found 2 JPA repository interfaces.
2026-03-15T12:15:46.166-03:00  INFO 30364 --- [spring-boot-boilerplate] [           main] o.hibernate.jpa.internal.util.LogHelper  : HHH000204: Processing PersistenceUnitInfo [name: default]
2026-03-15T12:15:46.241-03:00  INFO 30364 --- [spring-boot-boilerplate] [           main] org.hibernate.Version                    : HHH000412: Hibernate ORM core version 6.4.4.Final
2026-03-15T12:15:46.282-03:00  INFO 30364 --- [spring-boot-boilerplate] [           main] o.h.c.internal.RegionFactoryInitiator    : HHH000026: Second-level cache disabled
2026-03-15T12:15:46.848-03:00  INFO 30364 --- [spring-boot-boilerplate] [           main] o.s.o.j.p.SpringPersistenceUnitInfo      : No LoadTimeWeaver setup: ignoring JPA class transformer
2026-03-15T12:15:46.897-03:00  INFO 30364 --- [spring-boot-boilerplate] [           main] com.zaxxer.hikari.HikariDataSource       : HikariPool-1 - Starting...
2026-03-15T12:15:47.182-03:00  INFO 30364 --- [spring-boot-boilerplate] [           main] com.zaxxer.hikari.pool.HikariPool        : HikariPool-1 - Added connection conn0: url=jdbc:h2:mem:testdb user=SA
2026-03-15T12:15:47.184-03:00  INFO 30364 --- [spring-boot-boilerplate] [           main] com.zaxxer.hikari.HikariDataSource       : HikariPool-1 - Start completed.
2026-03-15T12:15:47.216-03:00  WARN 30364 --- [spring-boot-boilerplate] [           main] org.hibernate.orm.deprecation            : HHH90000025: H2Dialect does not need to be specified explicitly using 'hibernate.dialect' (remove the property setting and it will be selected by default)
2026-03-15T12:15:48.226-03:00  INFO 30364 --- [spring-boot-boilerplate] [           main] o.h.e.t.j.p.i.JtaPlatformInitiator       : HHH000489: No JTA platform available (set 'hibernate.transaction.jta.platform' to enable JTA platform integration)
2026-03-15T12:15:48.286-03:00  INFO 30364 --- [spring-boot-boilerplate] [           main] j.LocalContainerEntityManagerFactoryBean : Initialized JPA EntityManagerFactory for persistence unit 'default'
2026-03-15T12:15:49.155-03:00  WARN 30364 --- [spring-boot-boilerplate] [           main] JpaBaseConfiguration$JpaWebConfiguration : spring.jpa.open-in-view is enabled by default. Therefore, database queries may be performed during view rendering. Explicitly configure spring.jpa.open-in-view to disable this warning
2026-03-15T12:15:49.555-03:00  INFO 30364 --- [spring-boot-boilerplate] [           main] o.s.s.web.DefaultSecurityFilterChain     : Will secure any request with [org.springframework.security.web.session.DisableEncodeUrlFilter@3638a852, org.springframework.security.web.context.request.async.WebAsyncManagerIntegrationFilter@7ab20a7, org.springframework.security.web.context.SecurityContextHolderFilter@5e752a2a, org.springframework.security.web.header.HeaderWriterFilter@4faccb34, org.springframework.web.filter.CorsFilter@6db160b4, org.springframework.security.web.authentication.logout.LogoutFilter@7b0a69b9, com.boilerplate.filter.JwtAuthenticationFilter@117be84a, org.springframework.security.web.savedrequest.RequestCacheAwareFilter@2c69ea30, org.springframework.security.web.servletapi.SecurityContextHolderAwareRequestFilter@3b4cce5a, org.springframework.security.web.authentication.AnonymousAuthenticationFilter@64ee9290, org.springframework.security.web.session.SessionManagementFilter@17c3e33, org.springframework.security.web.access.ExceptionTranslationFilter@35fddea2, org.springframework.security.web.access.intercept.AuthorizationFilter@428440f2]
2026-03-15T12:15:50.161-03:00  INFO 30364 --- [spring-boot-boilerplate] [           main] c.b.BoilerplateApplicationTests          : Started BoilerplateApplicationTests in 6.222 seconds (process running for 7.328)
]]></system-out>
    <system-err><![CDATA[WARNING: A Java agent has been loaded dynamically (C:\Users\User\.m2\repository\net\bytebuddy\byte-buddy-agent\1.14.13\byte-buddy-agent-1.14.13.jar)
WARNING: If a serviceability tool is in use, please run with -XX:+EnableDynamicAgentLoading to hide this warning
WARNING: If a serviceability tool is not in use, please run with -Djdk.instrument.traceUsage for more information
WARNING: Dynamic loading of agents will be disallowed by default in a future release
]]></system-err>
  </testcase>
</testsuite>